Arguments: 
  C:\Program Files\nodejs\node.exe C:\Users\inlca\AppData\Roaming\npm\node_modules\yarn\bin\yarn.js install

PATH: 
  C:\ProgramData\Oracle\Java\javapath;C:\Program Files (x86)\Intel\Intel(R) Management Engine Components\iCLS\;C:\Program Files\Intel\Intel(R) Management Engine Components\iCLS\;C:\WINDOWS\system32;C:\WINDOWS;C:\WINDOWS\System32\Wbem;C:\WINDOWS\System32\WindowsPowerShell\v1.0\;C:\WINDOWS\System32\OpenSSH\;C:\Program Files (x86)\Intel\Intel(R) Management Engine Components\DAL;C:\Program Files\Intel\Intel(R) Management Engine Components\DAL;C:\Program Files (x86)\Intel\Intel(R) Management Engine Components\IPT;C:\Program Files\Intel\Intel(R) Management Engine Components\IPT;C:\platform-tools;C:\Program Files\nodejs\;C:\Program Files (x86)\gdipp\;C:\Program Files\Microsoft\Web Platform Installer\;c:\php;C:\Users\inlca\AppData\Local\Programs\Python\Python311\Scripts\;C:\Users\inlca\AppData\Local\Programs\Python\Python311\;C:\Users\inlca\AppData\Local\Microsoft\WindowsApps;;C:\Users\inlca\AppData\Local\Programs\Microsoft VS Code\bin;C:\Users\inlca\AppData\Roaming\npm

Yarn version: 
  1.22.19

Node version: 
  19.6.0

Platform: 
  win32 x64

Trace: 
  Error: https://registry.yarnpkg.com/@material-ui/icons/-/icons-4.11.3.tgz: ESOCKETTIMEDOUT
      at ClientRequest.<anonymous> (C:\Users\inlca\AppData\Roaming\npm\node_modules\yarn\lib\cli.js:141517:19)
      at Object.onceWrapper (node:events:626:28)
      at ClientRequest.emit (node:events:512:28)
      at TLSSocket.emitRequestTimeout (node:_http_client:841:9)
      at Object.onceWrapper (node:events:626:28)
      at TLSSocket.emit (node:events:524:35)
      at Socket._onTimeout (node:net:564:8)
      at listOnTimeout (node:internal/timers:568:17)
      at process.processTimers (node:internal/timers:511:7)

npm manifest: 
  {
    "name": "course-1-context",
    "version": "0.1.0",
    "private": false,
    "dependencies": {
      "@material-ui/core": "^4.12.1",
      "@material-ui/icons": "^4.11.2",
      "@material-ui/lab": "^4.0.0-alpha.60",
      "@testing-library/jest-dom": "^5.11.4",
      "@testing-library/react": "^11.1.0",
      "@testing-library/user-event": "^12.1.10",
      "babel": "^6.23.0",
      "react": "^17.0.2",
      "react-dom": "^17.0.2",
      "react-router-dom": "^5.2.0",
      "react-scripts": "^4.0.3",
      "styled-components": "^5.3.0",
      "web-vitals": "^1.0.1"
    },
    "scripts": {
      "start": "react-scripts start",
      "build": "react-scripts build",
      "test": "react-scripts test",
      "eject": "react-scripts eject"
    },
    "eslintConfig": {
      "extends": [
        "react-app",
        "react-app/jest"
      ]
    },
    "browserslist": {
      "production": [
        ">0.2%",
        "not dead",
        "not op_mini all"
      ],
      "development": [
        "last 1 chrome version",
        "last 1 firefox version",
        "last 1 safari version"
      ]
    }
  }

yarn manifest: 
  No manifest

Lockfile: 
  No lockfile
